2025-06-12 21:47:05,904- INFO- Creating Vendor Summary table ......
2025-06-12 21:49:40,580- INFO-    VendorNumber                   VendorName  Brand              Description  \
0          1128  BROWN-FORMAN CORP             1233  Jack Daniels No 7 Black   
1          4425        MARTIGNETTI COMPANIES   3405    Tito's Handmade Vodka   
2         17035  PERNOD RICARD USA             8068         Absolut 80 Proof   
3          3960  DIAGEO NORTH AMERICA INC      4261   Capt Morgan Spiced Rum   
4          3960  DIAGEO NORTH AMERICA INC      3545          Ketel One Vodka   

   PurchasePrice  ActualPrice Volume  TotalPurchaseQuantity  \
0          26.27        36.99   1750               145080.0   
1          23.19        28.99   1750               164038.0   
2          18.24        24.99   1750               187407.0   
3          16.17        22.99   1750               201682.0   
4          21.89        29.99   1750               138109.0   

   TotalPurchaseDollars  TotalSalesQuantity  TotalSalesDollars  \
0            3811251.60            142049.0       5.101920e+06   
1            3804041.22            160247.0       4.819073e+06   
2            3418303.68            187140.0       4.538121e+06   
3            3261197.94            200412.0       4.475973e+06   
4            3023206.01            135838.0       4.223108e+06   

   TotalSalesPrice  TotalExciseTax  FreightCost  
0        672819.31       260999.20     68601.68  
1        561512.37       294438.66    144929.24  
2        461140.15       343854.07    123780.22  
3        420050.01       368242.80    257032.07  
4        545778.28       249587.83    257032.07  
2025-06-12 21:49:40,595- INFO- Cleaning the data  ......
2025-06-12 21:49:40,642- INFO-    VendorNumber                VendorName  Brand              Description  \
0          1128         BROWN-FORMAN CORP   1233  Jack Daniels No 7 Black   
1          4425     MARTIGNETTI COMPANIES   3405    Tito's Handmade Vodka   
2         17035         PERNOD RICARD USA   8068         Absolut 80 Proof   
3          3960  DIAGEO NORTH AMERICA INC   4261   Capt Morgan Spiced Rum   
4          3960  DIAGEO NORTH AMERICA INC   3545          Ketel One Vodka   

   PurchasePrice  ActualPrice  Volume  TotalPurchaseQuantity  \
0          26.27        36.99  1750.0               145080.0   
1          23.19        28.99  1750.0               164038.0   
2          18.24        24.99  1750.0               187407.0   
3          16.17        22.99  1750.0               201682.0   
4          21.89        29.99  1750.0               138109.0   

   TotalPurchaseDollars  TotalSalesQuantity  TotalSalesDollars  \
0            3811251.60            142049.0       5.101920e+06   
1            3804041.22            160247.0       4.819073e+06   
2            3418303.68            187140.0       4.538121e+06   
3            3261197.94            200412.0       4.475973e+06   
4            3023206.01            135838.0       4.223108e+06   

   TotalSalesPrice  TotalExciseTax  FreightCost  
0        672819.31       260999.20     68601.68  
1        561512.37       294438.66    144929.24  
2        461140.15       343854.07    123780.22  
3        420050.01       368242.80    257032.07  
4        545778.28       249587.83    257032.07  
2025-06-12 21:49:40,658- INFO- Ingesting Data....
2025-06-12 21:49:42,861- INFO- Completed !!
